<?xml version="1.0" encoding="UTF-8"?>
<!-- Generated by org.testng.reporters.JUnitReportReporter -->
<testsuite skipped="0" hostname="DESKTOP-38O6ULO" name="org.testng.Parallel" tests="3" failures="0" timestamp="05 Sep 2022 13:26:28 GMT" time="0.064" errors="0">
  <testcase name="t1" time="0.022" classname="org.testng.Parallel"/>
  <testcase name="tc3" time="0.021" classname="org.testng.Parallel"/>
  <testcase name="tc2" time="0.021" classname="org.testng.Parallel"/>
</testsuite> <!-- org.testng.Parallel -->
