<?xml version="1.0" encoding="UTF-8"?>
<!-- Generated by org.testng.reporters.JUnitReportReporter -->
<testsuite skipped="1" hostname="DESKTOP-38O6ULO" name="org.testng.Paralleltestng" tests="6" failures="0" timestamp="06 Sep 2022 13:31:22 GMT" time="37.768" errors="0">
  <testcase name="tc33" time="7.336" classname="org.testng.Paralleltestng"/>
  <testcase name="tc33" time="10.969" classname="org.testng.Paralleltestng"/>
  <testcase name="tc11" time="6.432" classname="org.testng.Paralleltestng"/>
  <testcase name="tc55" time="6.588" classname="org.testng.Paralleltestng"/>
  <testcase name="tc44" time="6.443" classname="org.testng.Paralleltestng"/>
  <testcase name="tc22" classname="org.testng.Paralleltestng">
    <skipped/>
  </testcase> <!-- tc22 -->
</testsuite> <!-- org.testng.Paralleltestng -->
