<?xml version="1.0" encoding="UTF-8"?>
<!-- Generated by org.testng.reporters.JUnitReportReporter -->
<testsuite skipped="0" hostname="DESKTOP-38O6ULO" name="org.testng.Parallel" tests="3" failures="0" timestamp="06 Sep 2022 13:31:22 GMT" time="0.012" errors="0">
  <testcase name="t1" time="0.006" classname="org.testng.Parallel"/>
  <testcase name="tc3" time="0.004" classname="org.testng.Parallel"/>
  <testcase name="tc2" time="0.002" classname="org.testng.Parallel"/>
</testsuite> <!-- org.testng.Parallel -->
