<?xml version="1.0" encoding="UTF-8"?>
<!-- Generated by org.testng.reporters.JUnitReportReporter -->
<testsuite skipped="0" hostname="DESKTOP-38O6ULO" name="org.testng.Crossbrowser" tests="3" failures="0" timestamp="05 Sep 2022 12:51:31 GMT" time="79.781" errors="1">
  <testcase name="tc1" time="15.128" classname="org.testng.Crossbrowser"/>
  <testcase name="tc1" time="56.334" classname="org.testng.Crossbrowser"/>
  <testcase name="tc1" time="8.319" classname="org.testng.Crossbrowser">
    <error type="io.github.bonigarcia.wdm.config.WebDriverManagerException" message="io.github.bonigarcia.wdm.config.WebDriverManagerException: msedgedriver 105.0.1343.27 for WIN 64 not found in https://msedgedriver.azureedge.net/">
      <![CDATA[io.github.bonigarcia.wdm.config.WebDriverManagerException: io.github.bonigarcia.wdm.config.WebDriverManagerException: msedgedriver 105.0.1343.27 for WIN 64 not found in https://msedgedriver.azureedge.net/
at io.github.bonigarcia.wdm.WebDriverManager.handleException(WebDriverManager.java:725)
at io.github.bonigarcia.wdm.WebDriverManager.manage(WebDriverManager.java:531)
at io.github.bonigarcia.wdm.WebDriverManager.handleException(WebDriverManager.java:722)
at io.github.bonigarcia.wdm.WebDriverManager.manage(WebDriverManager.java:531)
at io.github.bonigarcia.wdm.WebDriverManager.setup(WebDriverManager.java:277)
at org.utility.Baseclass.launchEdge(Baseclass.java:87)
at org.testng.Crossbrowser.tc1(Crossbrowser.java:19)
at sun.reflect.NativeMethodAccessorImpl.invoke0(Native Method)
at sun.reflect.NativeMethodAccessorImpl.invoke(Unknown Source)
at sun.reflect.DelegatingMethodAccessorImpl.invoke(Unknown Source)
at java.lang.reflect.Method.invoke(Unknown Source)
at org.testng.internal.MethodInvocationHelper.invokeMethod(MethodInvocationHelper.java:124)
at org.testng.internal.Invoker.invokeMethod(Invoker.java:583)
at org.testng.internal.Invoker.invokeTestMethod(Invoker.java:719)
at org.testng.internal.Invoker.invokeTestMethods(Invoker.java:989)
at org.testng.internal.TestMethodWorker.invokeTestMethods(TestMethodWorker.java:125)
at org.testng.internal.TestMethodWorker.run(TestMethodWorker.java:109)
at org.testng.TestRunner.privateRun(TestRunner.java:648)
at org.testng.TestRunner.run(TestRunner.java:505)
at org.testng.SuiteRunner.runTest(SuiteRunner.java:455)
at org.testng.SuiteRunner.access$000(SuiteRunner.java:40)
at org.testng.SuiteRunner$SuiteWorker.run(SuiteRunner.java:489)
at org.testng.internal.thread.ThreadUtil$1.call(ThreadUtil.java:52)
at java.util.concurrent.FutureTask.run(Unknown Source)
at java.util.concurrent.ThreadPoolExecutor.runWorker(Unknown Source)
at java.util.concurrent.ThreadPoolExecutor$Worker.run(Unknown Source)
at java.lang.Thread.run(Unknown Source)
Caused by: io.github.bonigarcia.wdm.config.WebDriverManagerException: msedgedriver 105.0.1343.27 for WIN 64 not found in https://msedgedriver.azureedge.net/
at io.github.bonigarcia.wdm.WebDriverManager.noCandidateUrlFound(WebDriverManager.java:607)
at io.github.bonigarcia.wdm.WebDriverManager.createUrlHandler(WebDriverManager.java:756)
at io.github.bonigarcia.wdm.WebDriverManager.download(WebDriverManager.java:593)
at io.github.bonigarcia.wdm.WebDriverManager.manage(WebDriverManager.java:525)
... 25 more
]]>
    </error>
  </testcase> <!-- tc1 -->
</testsuite> <!-- org.testng.Crossbrowser -->
