<?xml version="1.0" encoding="UTF-8"?>
<!-- Generated by org.testng.reporters.JUnitReportReporter -->
<testsuite skipped="1" hostname="DESKTOP-38O6ULO" name="org.testng.Paralleltestng" tests="6" failures="0" timestamp="05 Sep 2022 13:28:32 GMT" time="41.058" errors="0">
  <testcase name="tc33" time="7.663" classname="org.testng.Paralleltestng"/>
  <testcase name="tc33" time="6.647" classname="org.testng.Paralleltestng"/>
  <testcase name="tc11" time="7.223" classname="org.testng.Paralleltestng"/>
  <testcase name="tc55" time="11.764" classname="org.testng.Paralleltestng"/>
  <testcase name="tc44" time="7.761" classname="org.testng.Paralleltestng"/>
  <testcase name="tc22" classname="org.testng.Paralleltestng">
    <skipped/>
  </testcase> <!-- tc22 -->
</testsuite> <!-- org.testng.Paralleltestng -->
